<?xml version="1.0" encoding="UTF-8"?>
<testsuite name="com.db.dataplatform.techtest.api.model.DataHeaderTests" tests="1" skipped="0" failures="0" errors="0" timestamp="2023-11-26T20:34:06" hostname="DESKTOP-5QBDTNM" time="0.007">
  <properties/>
  <testcase name="assignDataHeaderFieldsShouldWorkAsExpected" classname="com.db.dataplatform.techtest.api.model.DataHeaderTests" time="0.007"/>
  <system-out><![CDATA[]]></system-out>
  <system-err><![CDATA[]]></system-err>
</testsuite>
