<?xml version="1.0" encoding="UTF-8"?>
<testsuite name="com.db.dataplatform.techtest.persistence.model.DataBodyEntityTests" tests="2" skipped="0" failures="0" errors="0" timestamp="2023-11-26T20:34:06" hostname="DESKTOP-5QBDTNM" time="0.004">
  <properties/>
  <testcase name="assignDataBodyEntityFieldsShouldWorkAsExpected" classname="com.db.dataplatform.techtest.persistence.model.DataBodyEntityTests" time="0.002"/>
  <testcase name="checkTwoDataBodiesAreEqualAsExpected" classname="com.db.dataplatform.techtest.persistence.model.DataBodyEntityTests" time="0.001"/>
  <system-out><![CDATA[]]></system-out>
  <system-err><![CDATA[]]></system-err>
</testsuite>
