<?xml version="1.0" encoding="UTF-8"?>
<testsuite name="com.db.dataplatform.techtest.service.DataHeaderServiceTests" tests="2" skipped="0" failures="0" errors="0" timestamp="2023-11-26T20:34:06" hostname="DESKTOP-5QBDTNM" time="0.126">
  <properties/>
  <testcase name="shouldGetDataByBlockNameAsExpected" classname="com.db.dataplatform.techtest.service.DataHeaderServiceTests" time="0.123"/>
  <testcase name="shouldSaveDataHeaderEntityAsExpected" classname="com.db.dataplatform.techtest.service.DataHeaderServiceTests" time="0.003"/>
  <system-out><![CDATA[]]></system-out>
  <system-err><![CDATA[]]></system-err>
</testsuite>
